<?xml version="1.0" encoding="UTF-8"?>
<!-- Generated by org.testng.reporters.JUnitReportReporter -->
<testsuite hostname="rgioia" name="tests.Tests" tests="1" failures="0" timestamp="13 Oct 2017 21:48:58 GMT" time="38.680" errors="0">
  <testcase name="customSearchTest" time="38.680" classname="tests.Tests"/>
</testsuite> <!-- tests.Tests -->
